<?xml version="1.0" encoding="UTF-8"?>
<!-- Generated by org.testng.reporters.JUnitXMLReporter -->
<testsuite ignored="0" hostname="LAPTOP-3PJ1CKOE" failures="0" tests="9" name="Test" time="168.23" errors="0" timestamp="2023-04-15T11:36:58 IST">
  <testcase classname="org.test.GenerationOne" name="tc4" time="66.738"/>
  <testcase classname="org.test.SampleTestTNG11" name="tc1" time="67.23"/>
  <testcase classname="org.test.SampleTestTNG11" name="tc2" time="31.131"/>
  <testcase classname="org.test.OperationPro" name="tc4" time="107.396"/>
  <testcase classname="org.test.SampleTestTNG11" name="tc3" time="22.749"/>
  <testcase classname="org.test.GenerationOne" name="tc5" time="67.036"/>
  <testcase classname="org.test.OperationPro" name="tc5" time="26.858"/>
  <testcase classname="org.test.OperationPro" name="tc6" time="20.295"/>
  <testcase classname="org.test.GenerationOne" name="tc6" time="34.394"/>
</testsuite> <!-- Test -->
