<?xml version="1.0" encoding="UTF-8"?>
<!-- Generated by org.testng.reporters.JUnitReportReporter -->
<testsuite hostname="LAPTOP-3PJ1CKOE" failures="0" tests="3" name="org.test.OperationPro" time="154.549" errors="0" timestamp="2023-04-15T11:36:59 IST" skipped="0">
  <testcase classname="org.test.OperationPro" name="tc6" time="20.295"/>
  <system-out/>
  <testcase classname="org.test.OperationPro" name="tc5" time="26.858"/>
  <system-out/>
  <testcase classname="org.test.OperationPro" name="tc4" time="107.396"/>
  <system-out/>
</testsuite> <!-- org.test.OperationPro -->
