<?xml version="1.0" encoding="UTF-8"?>
<!-- Generated by org.testng.reporters.JUnitReportReporter -->
<testsuite hostname="LAPTOP-3PJ1CKOE" failures="0" tests="5" name="org.test.TeastNGProject2" time="14.061" errors="0" timestamp="2023-04-08T08:19:37 IST" skipped="1">
  <testcase classname="org.test.TeastNGProject2" name="tc2" time="1.650"/>
  <system-out/>
  <testcase classname="org.test.TeastNGProject2" name="tc2" time="1.288"/>
  <system-out/>
  <testcase classname="org.test.TeastNGProject2" name="tc2" time="4.190"/>
  <system-out/>
  <testcase classname="org.test.TeastNGProject2" name="tc1" time="6.933"/>
  <system-out/>
  <testcase classname="org.test.TeastNGProject2" name="tc3">
    <skipped/>
  </testcase> <!-- tc3 -->
  <system-out/>
</testsuite> <!-- org.test.TeastNGProject2 -->
