<?xml version="1.0" encoding="UTF-8"?>
<!-- Generated by org.testng.reporters.JUnitReportReporter -->
<testsuite hostname="LAPTOP-3PJ1CKOE" failures="0" tests="3" name="org.test.GenerationOne" time="168.168" errors="0" timestamp="2023-04-15T11:36:59 IST" skipped="0">
  <testcase classname="org.test.GenerationOne" name="tc6" time="34.394"/>
  <system-out/>
  <testcase classname="org.test.GenerationOne" name="tc4" time="66.738"/>
  <system-out/>
  <testcase classname="org.test.GenerationOne" name="tc5" time="67.036"/>
  <system-out/>
</testsuite> <!-- org.test.GenerationOne -->
