<?xml version="1.0" encoding="UTF-8"?>
<!-- Generated by org.testng.reporters.JUnitReportReporter -->
<testsuite hostname="LAPTOP-3PJ1CKOE" failures="0" tests="3" name="org.test.TestNGProject1" time="0.011" errors="0" timestamp="2023-04-08T07:31:17 IST" skipped="0">
  <testcase classname="org.test.TestNGProject1" name="tc5" time="0.001"/>
  <system-out/>
  <testcase classname="org.test.TestNGProject1" name="tc9" time="0.002"/>
  <system-out/>
  <testcase classname="org.test.TestNGProject1" name="tc1" time="0.008"/>
  <system-out/>
</testsuite> <!-- org.test.TestNGProject1 -->
