<?xml version="1.0" encoding="UTF-8"?>
<!-- Generated by org.testng.reporters.JUnitReportReporter -->
<testsuite hostname="LAPTOP-3PJ1CKOE" failures="0" tests="7" name="org.test.SampleTest2" time="0.031" errors="0" timestamp="2023-04-11T09:34:23 IST" skipped="0">
  <testcase classname="org.test.SampleTest2" name="tc4" time="0.008"/>
  <system-out/>
  <testcase classname="org.test.SampleTest2" name="tc1" time="0.002"/>
  <system-out/>
  <testcase classname="org.test.SampleTest2" name="tc6" time="0.001"/>
  <system-out/>
  <testcase classname="org.test.SampleTest2" name="tc2" time="0.007"/>
  <system-out/>
  <testcase classname="org.test.SampleTest2" name="tc5" time="0.003"/>
  <system-out/>
  <testcase classname="org.test.SampleTest2" name="tc7" time="0.005"/>
  <system-out/>
  <testcase classname="org.test.SampleTest2" name="tc3" time="0.005"/>
  <system-out/>
</testsuite> <!-- org.test.SampleTest2 -->
