<?xml version="1.0" encoding="UTF-8"?>
<!-- Generated by org.testng.reporters.JUnitReportReporter -->
<testsuite hostname="LAPTOP-3PJ1CKOE" failures="0" tests="3" name="org.test.SampleTestTNG11" time="121.110" errors="0" timestamp="2023-04-15T11:36:59 IST" skipped="0">
  <testcase classname="org.test.SampleTestTNG11" name="tc2" time="31.131"/>
  <system-out/>
  <testcase classname="org.test.SampleTestTNG11" name="tc1" time="67.230"/>
  <system-out/>
  <testcase classname="org.test.SampleTestTNG11" name="tc3" time="22.749"/>
  <system-out/>
</testsuite> <!-- org.test.SampleTestTNG11 -->
