<?xml version="1.0" encoding="UTF-8"?>
<!-- Generated by org.testng.reporters.JUnitReportReporter -->
<testsuite hostname="LAPTOP-3PJ1CKOE" failures="0" tests="5" name="org.test.A2" time="5.875" errors="0" timestamp="2023-04-12T10:09:14 IST" skipped="1">
  <testcase classname="org.test.A2" name="tc9" time="0.978"/>
  <system-out/>
  <testcase classname="org.test.A2" name="tc9" time="0.930"/>
  <system-out/>
  <testcase classname="org.test.A2" name="tc9" time="3.117"/>
  <system-out/>
  <testcase classname="org.test.A2" name="tc9" time="0.850"/>
  <system-out/>
  <testcase classname="org.test.A2" name="tc1">
    <skipped/>
  </testcase> <!-- tc1 -->
  <system-out/>
</testsuite> <!-- org.test.A2 -->
