<?xml version="1.0" encoding="UTF-8"?>
<!-- Generated by org.testng.reporters.JUnitReportReporter -->
<testsuite hostname="LAPTOP-3PJ1CKOE" failures="0" tests="5" name="org.test.SampleTest" time="10.799" errors="0" timestamp="2023-04-08T07:54:46 IST" skipped="1">
  <testcase classname="org.test.SampleTest" name="tc1" time="1.018"/>
  <system-out/>
  <testcase classname="org.test.SampleTest" name="tc1" time="4.533"/>
  <system-out/>
  <testcase classname="org.test.SampleTest" name="tc1" time="0.912"/>
  <system-out/>
  <testcase classname="org.test.SampleTest" name="tc5" time="4.336"/>
  <system-out/>
  <testcase classname="org.test.SampleTest" name="tc9">
    <skipped/>
  </testcase> <!-- tc9 -->
  <system-out/>
</testsuite> <!-- org.test.SampleTest -->
