<?xml version="1.0" encoding="UTF-8"?>
<!-- Generated by org.testng.reporters.JUnitReportReporter -->
<testsuite hostname="LAPTOP-3PJ1CKOE" failures="0" tests="7" name="org.test.B3" time="0.025" errors="0" timestamp="2023-04-12T11:38:40 IST" skipped="0">
  <testcase classname="org.test.B3" name="tc33" time="0.001"/>
  <system-out/>
  <testcase classname="org.test.B3" name="tc33" time="0.003"/>
  <system-out/>
  <testcase classname="org.test.B3" name="tc22" time="0.002"/>
  <system-out/>
  <testcase classname="org.test.B3" name="tc33" time="0.002"/>
  <system-out/>
  <testcase classname="org.test.B3" name="tc33" time="0.004"/>
  <system-out/>
  <testcase classname="org.test.B3" name="tc11" time="0.009"/>
  <system-out/>
  <testcase classname="org.test.B3" name="tc33" time="0.004"/>
  <system-out/>
</testsuite> <!-- org.test.B3 -->
