<?xml version="1.0" encoding="UTF-8"?>
<!-- Generated by org.testng.reporters.JUnitReportReporter -->
<testsuite hostname="LAPTOP-3PJ1CKOE" failures="0" tests="10" name="org.test.A3" time="46.285" errors="0" timestamp="2023-04-12T11:28:00 IST" skipped="1">
  <testcase classname="org.test.A3" name="tc9" time="0.860"/>
  <system-out/>
  <testcase classname="org.test.A3" name="tc1" time="5.797"/>
  <system-out/>
  <testcase classname="org.test.A3" name="tc9" time="0.861"/>
  <system-out/>
  <testcase classname="org.test.A3" name="tc1" time="9.245"/>
  <system-out/>
  <testcase classname="org.test.A3" name="tc1" time="8.875"/>
  <system-out/>
  <testcase classname="org.test.A3" name="tc1" time="5.928"/>
  <system-out/>
  <testcase classname="org.test.A3" name="tc9" time="0.899"/>
  <system-out/>
  <testcase classname="org.test.A3" name="tc9" time="7.672"/>
  <system-out/>
  <testcase classname="org.test.A3" name="tc1" time="6.148"/>
  <system-out/>
  <testcase classname="org.test.A3" name="tc5">
    <skipped/>
  </testcase> <!-- tc5 -->
  <system-out/>
</testsuite> <!-- org.test.A3 -->
