<?xml version="1.0" encoding="UTF-8"?>
<!-- Generated by org.testng.reporters.JUnitReportReporter -->
<testsuite hostname="LAPTOP-3PJ1CKOE" failures="0" tests="4" name="org.test.TestNGProject4" time="32.266" errors="0" timestamp="2023-04-12T19:14:20 IST" skipped="0">
  <testcase classname="org.test.TestNGProject4" name="tc1" time="7.620"/>
  <system-out/>
  <testcase classname="org.test.TestNGProject4" name="tc1" time="10.195"/>
  <system-out/>
  <testcase classname="org.test.TestNGProject4" name="tc1" time="6.477"/>
  <system-out/>
  <testcase classname="org.test.TestNGProject4" name="tc1" time="7.974"/>
  <system-out/>
</testsuite> <!-- org.test.TestNGProject4 -->
