<?xml version="1.0" encoding="UTF-8"?>
<!-- Generated by org.testng.reporters.JUnitReportReporter -->
<testsuite hostname="LAPTOP-3PJ1CKOE" failures="0" tests="3" name="org.test.B" time="0.008" errors="0" timestamp="2023-04-11T09:34:23 IST" skipped="0">
  <testcase classname="org.test.B" name="tc11" time="0.002"/>
  <system-out/>
  <testcase classname="org.test.B" name="tc22" time="0.004"/>
  <system-out/>
  <testcase classname="org.test.B" name="tc33" time="0.002"/>
  <system-out/>
</testsuite> <!-- org.test.B -->
